{"/Users/Megan/Desktop/FriendFinderBE/knexfile.js": {"path":"/Users/Megan/Desktop/FriendFinderBE/knexfile.js","statementMap":{"0":{"start":{"line":3,"column":0},"end":{"line":68,"column":2}},"1":{"start":{"line":18,"column":8},"end":{"line":18,"column":51}},"2":{"start":{"line":37,"column":8},"end":{"line":37,"column":51}}},"fnMap":{"0":{"name":"(anonymous_0)","decl":{"start":{"line":17,"column":19},"end":{"line":17,"column":20}},"loc":{"start":{"line":17,"column":35},"end":{"line":19,"column":7}},"line":17},"1":{"name":"(anonymous_1)","decl":{"start":{"line":36,"column":19},"end":{"line":36,"column":20}},"loc":{"start":{"line":36,"column":35},"end":{"line":38,"column":7}},"line":36}},"branchMap":{},"s":{"0":3,"1":3,"2":0},"f":{"0":3,"1":0},"b":{},"_coverageSchema":"43e27e138ebf9cfc5966b082cf9a028302ed4184","hash":"681ffa1e2610416a70d784436ae81cb23caae3c6"}
,"/Users/Megan/Desktop/FriendFinderBE/api/server.js": {"path":"/Users/Megan/Desktop/FriendFinderBE/api/server.js","statementMap":{"0":{"start":{"line":1,"column":16},"end":{"line":1,"column":34}},"1":{"start":{"line":2,"column":15},"end":{"line":2,"column":32}},"2":{"start":{"line":3,"column":13},"end":{"line":3,"column":28}},"3":{"start":{"line":5,"column":19},"end":{"line":5,"column":59}},"4":{"start":{"line":6,"column":20},"end":{"line":6,"column":52}},"5":{"start":{"line":8,"column":21},"end":{"line":8,"column":56}},"6":{"start":{"line":10,"column":15},"end":{"line":10,"column":24}},"7":{"start":{"line":12,"column":0},"end":{"line":12,"column":21}},"8":{"start":{"line":13,"column":0},"end":{"line":13,"column":27}},"9":{"start":{"line":14,"column":0},"end":{"line":14,"column":19}},"10":{"start":{"line":16,"column":0},"end":{"line":16,"column":36}},"11":{"start":{"line":17,"column":0},"end":{"line":17,"column":52}},"12":{"start":{"line":19,"column":0},"end":{"line":21,"column":3}},"13":{"start":{"line":20,"column":2},"end":{"line":20,"column":44}},"14":{"start":{"line":23,"column":0},"end":{"line":23,"column":24}}},"fnMap":{"0":{"name":"(anonymous_0)","decl":{"start":{"line":19,"column":16},"end":{"line":19,"column":17}},"loc":{"start":{"line":19,"column":30},"end":{"line":21,"column":1}},"line":19}},"branchMap":{},"s":{"0":3,"1":3,"2":3,"3":3,"4":3,"5":3,"6":3,"7":3,"8":3,"9":3,"10":3,"11":3,"12":3,"13":1,"14":3},"f":{"0":1},"b":{},"_coverageSchema":"43e27e138ebf9cfc5966b082cf9a028302ed4184","hash":"a55577a5fcb89d414bff437689c2a0ee40cfd1bd"}
,"/Users/Megan/Desktop/FriendFinderBE/authentication/auth-model.js": {"path":"/Users/Megan/Desktop/FriendFinderBE/authentication/auth-model.js","statementMap":{"0":{"start":{"line":1,"column":11},"end":{"line":1,"column":39}},"1":{"start":{"line":3,"column":0},"end":{"line":7,"column":2}},"2":{"start":{"line":10,"column":2},"end":{"line":14,"column":7}},"3":{"start":{"line":13,"column":6},"end":{"line":13,"column":34}},"4":{"start":{"line":18,"column":2},"end":{"line":18,"column":43}},"5":{"start":{"line":22,"column":4},"end":{"line":22,"column":51}}},"fnMap":{"0":{"name":"addUser","decl":{"start":{"line":9,"column":9},"end":{"line":9,"column":16}},"loc":{"start":{"line":9,"column":23},"end":{"line":15,"column":1}},"line":9},"1":{"name":"(anonymous_1)","decl":{"start":{"line":12,"column":10},"end":{"line":12,"column":11}},"loc":{"start":{"line":12,"column":17},"end":{"line":14,"column":5}},"line":12},"2":{"name":"findUserById","decl":{"start":{"line":17,"column":9},"end":{"line":17,"column":21}},"loc":{"start":{"line":17,"column":26},"end":{"line":19,"column":1}},"line":17},"3":{"name":"findUserByUsername","decl":{"start":{"line":21,"column":9},"end":{"line":21,"column":27}},"loc":{"start":{"line":21,"column":38},"end":{"line":23,"column":1}},"line":21}},"branchMap":{},"s":{"0":3,"1":3,"2":3,"3":3,"4":3,"5":2},"f":{"0":3,"1":3,"2":3,"3":2},"b":{},"_coverageSchema":"43e27e138ebf9cfc5966b082cf9a028302ed4184","hash":"3a4baec47b15c29a7ceeeee1d2c9aa6ddd5e7cec"}
,"/Users/Megan/Desktop/FriendFinderBE/authentication/auth-router.js": {"path":"/Users/Megan/Desktop/FriendFinderBE/authentication/auth-router.js","statementMap":{"0":{"start":{"line":1,"column":15},"end":{"line":1,"column":42}},"1":{"start":{"line":2,"column":14},"end":{"line":2,"column":37}},"2":{"start":{"line":3,"column":15},"end":{"line":3,"column":34}},"3":{"start":{"line":4,"column":25},"end":{"line":4,"column":55}},"4":{"start":{"line":5,"column":22},"end":{"line":5,"column":61}},"5":{"start":{"line":7,"column":0},"end":{"line":25,"column":3}},"6":{"start":{"line":8,"column":19},"end":{"line":8,"column":57}},"7":{"start":{"line":10,"column":18},"end":{"line":13,"column":3}},"8":{"start":{"line":15,"column":2},"end":{"line":24,"column":7}},"9":{"start":{"line":18,"column":6},"end":{"line":18,"column":66}},"10":{"start":{"line":21,"column":6},"end":{"line":23,"column":72}},"11":{"start":{"line":27,"column":0},"end":{"line":46,"column":3}},"12":{"start":{"line":28,"column":33},"end":{"line":28,"column":41}},"13":{"start":{"line":29,"column":2},"end":{"line":45,"column":7}},"14":{"start":{"line":32,"column":6},"end":{"line":41,"column":7}},"15":{"start":{"line":33,"column":22},"end":{"line":33,"column":41}},"16":{"start":{"line":34,"column":8},"end":{"line":36,"column":76}},"17":{"start":{"line":38,"column":8},"end":{"line":40,"column":11}},"18":{"start":{"line":44,"column":6},"end":{"line":44,"column":80}},"19":{"start":{"line":48,"column":0},"end":{"line":48,"column":24}}},"fnMap":{"0":{"name":"(anonymous_0)","decl":{"start":{"line":7,"column":39},"end":{"line":7,"column":40}},"loc":{"start":{"line":7,"column":53},"end":{"line":25,"column":1}},"line":7},"1":{"name":"(anonymous_1)","decl":{"start":{"line":17,"column":10},"end":{"line":17,"column":11}},"loc":{"start":{"line":17,"column":18},"end":{"line":19,"column":5}},"line":17},"2":{"name":"(anonymous_2)","decl":{"start":{"line":20,"column":11},"end":{"line":20,"column":12}},"loc":{"start":{"line":20,"column":18},"end":{"line":24,"column":5}},"line":20},"3":{"name":"(anonymous_3)","decl":{"start":{"line":27,"column":36},"end":{"line":27,"column":37}},"loc":{"start":{"line":27,"column":50},"end":{"line":46,"column":1}},"line":27},"4":{"name":"(anonymous_4)","decl":{"start":{"line":31,"column":10},"end":{"line":31,"column":11}},"loc":{"start":{"line":31,"column":18},"end":{"line":42,"column":5}},"line":31},"5":{"name":"(anonymous_5)","decl":{"start":{"line":43,"column":11},"end":{"line":43,"column":12}},"loc":{"start":{"line":43,"column":18},"end":{"line":45,"column":5}},"line":43}},"branchMap":{"0":{"loc":{"start":{"line":32,"column":6},"end":{"line":41,"column":7}},"type":"if","locations":[{"start":{"line":32,"column":6},"end":{"line":41,"column":7}},{"start":{"line":32,"column":6},"end":{"line":41,"column":7}}],"line":32},"1":{"loc":{"start":{"line":32,"column":10},"end":{"line":32,"column":61}},"type":"binary-expr","locations":[{"start":{"line":32,"column":10},"end":{"line":32,"column":14}},{"start":{"line":32,"column":18},"end":{"line":32,"column":61}}],"line":32}},"s":{"0":3,"1":3,"2":3,"3":3,"4":3,"5":3,"6":3,"7":3,"8":3,"9":3,"10":0,"11":3,"12":2,"13":2,"14":2,"15":1,"16":1,"17":1,"18":0,"19":3},"f":{"0":3,"1":3,"2":0,"3":2,"4":2,"5":0},"b":{"0":[1,1],"1":[2,1]},"_coverageSchema":"43e27e138ebf9cfc5966b082cf9a028302ed4184","hash":"5d9b2e798e8eead0ca2c4b1f19ce8e7a5bbeb548"}
,"/Users/Megan/Desktop/FriendFinderBE/data/db-config.js": {"path":"/Users/Megan/Desktop/FriendFinderBE/data/db-config.js","statementMap":{"0":{"start":{"line":1,"column":13},"end":{"line":1,"column":28}},"1":{"start":{"line":2,"column":19},"end":{"line":2,"column":41}},"2":{"start":{"line":3,"column":20},"end":{"line":3,"column":56}},"3":{"start":{"line":4,"column":0},"end":{"line":4,"column":47}}},"fnMap":{},"branchMap":{"0":{"loc":{"start":{"line":3,"column":20},"end":{"line":3,"column":56}},"type":"binary-expr","locations":[{"start":{"line":3,"column":20},"end":{"line":3,"column":38}},{"start":{"line":3,"column":43},"end":{"line":3,"column":56}}],"line":3}},"s":{"0":3,"1":3,"2":3,"3":3},"f":{},"b":{"0":[3,3]},"_coverageSchema":"43e27e138ebf9cfc5966b082cf9a028302ed4184","hash":"5673bb2e30d1fd785544d8ab682bc180ee312901"}
,"/Users/Megan/Desktop/FriendFinderBE/middleware/index.js": {"path":"/Users/Megan/Desktop/FriendFinderBE/middleware/index.js","statementMap":{"0":{"start":{"line":1,"column":0},"end":{"line":3,"column":2}},"1":{"start":{"line":6,"column":2},"end":{"line":14,"column":3}},"2":{"start":{"line":7,"column":4},"end":{"line":7,"column":59}},"3":{"start":{"line":8,"column":9},"end":{"line":14,"column":3}},"4":{"start":{"line":9,"column":4},"end":{"line":9,"column":67}},"5":{"start":{"line":10,"column":9},"end":{"line":14,"column":3}},"6":{"start":{"line":11,"column":4},"end":{"line":11,"column":67}},"7":{"start":{"line":13,"column":4},"end":{"line":13,"column":11}}},"fnMap":{"0":{"name":"validateUser","decl":{"start":{"line":5,"column":9},"end":{"line":5,"column":21}},"loc":{"start":{"line":5,"column":38},"end":{"line":15,"column":1}},"line":5}},"branchMap":{"0":{"loc":{"start":{"line":6,"column":2},"end":{"line":14,"column":3}},"type":"if","locations":[{"start":{"line":6,"column":2},"end":{"line":14,"column":3}},{"start":{"line":6,"column":2},"end":{"line":14,"column":3}}],"line":6},"1":{"loc":{"start":{"line":8,"column":9},"end":{"line":14,"column":3}},"type":"if","locations":[{"start":{"line":8,"column":9},"end":{"line":14,"column":3}},{"start":{"line":8,"column":9},"end":{"line":14,"column":3}}],"line":8},"2":{"loc":{"start":{"line":10,"column":9},"end":{"line":14,"column":3}},"type":"if","locations":[{"start":{"line":10,"column":9},"end":{"line":14,"column":3}},{"start":{"line":10,"column":9},"end":{"line":14,"column":3}}],"line":10}},"s":{"0":3,"1":8,"2":2,"3":6,"4":1,"5":5,"6":0,"7":5},"f":{"0":8},"b":{"0":[2,6],"1":[1,5],"2":[0,5]},"_coverageSchema":"43e27e138ebf9cfc5966b082cf9a028302ed4184","hash":"c091d02eda99ea871ea759a4a43e25e4e71223f2"}
,"/Users/Megan/Desktop/FriendFinderBE/middleware/restricted.js": {"path":"/Users/Megan/Desktop/FriendFinderBE/middleware/restricted.js","statementMap":{"0":{"start":{"line":1,"column":12},"end":{"line":1,"column":35}},"1":{"start":{"line":2,"column":0},"end":{"line":2,"column":26}},"2":{"start":{"line":4,"column":0},"end":{"line":21,"column":2}},"3":{"start":{"line":5,"column":16},"end":{"line":5,"column":41}},"4":{"start":{"line":7,"column":2},"end":{"line":20,"column":3}},"5":{"start":{"line":8,"column":4},"end":{"line":15,"column":7}},"6":{"start":{"line":9,"column":6},"end":{"line":14,"column":7}},"7":{"start":{"line":10,"column":8},"end":{"line":10,"column":71}},"8":{"start":{"line":12,"column":8},"end":{"line":12,"column":40}},"9":{"start":{"line":13,"column":8},"end":{"line":13,"column":15}},"10":{"start":{"line":17,"column":4},"end":{"line":19,"column":72}}},"fnMap":{"0":{"name":"(anonymous_0)","decl":{"start":{"line":4,"column":17},"end":{"line":4,"column":18}},"loc":{"start":{"line":4,"column":37},"end":{"line":21,"column":1}},"line":4},"1":{"name":"(anonymous_1)","decl":{"start":{"line":8,"column":42},"end":{"line":8,"column":43}},"loc":{"start":{"line":8,"column":65},"end":{"line":15,"column":5}},"line":8}},"branchMap":{"0":{"loc":{"start":{"line":7,"column":2},"end":{"line":20,"column":3}},"type":"if","locations":[{"start":{"line":7,"column":2},"end":{"line":20,"column":3}},{"start":{"line":7,"column":2},"end":{"line":20,"column":3}}],"line":7},"1":{"loc":{"start":{"line":9,"column":6},"end":{"line":14,"column":7}},"type":"if","locations":[{"start":{"line":9,"column":6},"end":{"line":14,"column":7}},{"start":{"line":9,"column":6},"end":{"line":14,"column":7}}],"line":9}},"s":{"0":3,"1":3,"2":3,"3":6,"4":6,"5":0,"6":0,"7":0,"8":0,"9":0,"10":6},"f":{"0":6,"1":0},"b":{"0":[0,6],"1":[0,0]},"_coverageSchema":"43e27e138ebf9cfc5966b082cf9a028302ed4184","hash":"2bc93bc8acc5f1a4f8ac57167a12ecc94335d5fd"}
,"/Users/Megan/Desktop/FriendFinderBE/middleware/tokenGenerator.js": {"path":"/Users/Megan/Desktop/FriendFinderBE/middleware/tokenGenerator.js","statementMap":{"0":{"start":{"line":1,"column":12},"end":{"line":1,"column":35}},"1":{"start":{"line":2,"column":0},"end":{"line":2,"column":27}},"2":{"start":{"line":5,"column":18},"end":{"line":9,"column":3}},"3":{"start":{"line":11,"column":18},"end":{"line":13,"column":3}},"4":{"start":{"line":15,"column":17},"end":{"line":15,"column":63}},"5":{"start":{"line":17,"column":2},"end":{"line":17,"column":16}},"6":{"start":{"line":20,"column":0},"end":{"line":20,"column":31}}},"fnMap":{"0":{"name":"generateToken","decl":{"start":{"line":4,"column":9},"end":{"line":4,"column":22}},"loc":{"start":{"line":4,"column":29},"end":{"line":18,"column":1}},"line":4}},"branchMap":{},"s":{"0":3,"1":3,"2":1,"3":1,"4":1,"5":1,"6":3},"f":{"0":1},"b":{},"_coverageSchema":"43e27e138ebf9cfc5966b082cf9a028302ed4184","hash":"36e42516ca8cb9d36cabf1c770e4326e5e126ad6"}
,"/Users/Megan/Desktop/FriendFinderBE/users/users-model.js": {"path":"/Users/Megan/Desktop/FriendFinderBE/users/users-model.js","statementMap":{"0":{"start":{"line":1,"column":11},"end":{"line":1,"column":39}},"1":{"start":{"line":3,"column":0},"end":{"line":14,"column":2}},"2":{"start":{"line":17,"column":2},"end":{"line":17,"column":21}},"3":{"start":{"line":21,"column":2},"end":{"line":23,"column":13}},"4":{"start":{"line":27,"column":2},"end":{"line":34,"column":32}},"5":{"start":{"line":38,"column":2},"end":{"line":38,"column":40}},"6":{"start":{"line":42,"column":2},"end":{"line":49,"column":30}},"7":{"start":{"line":53,"column":4},"end":{"line":60,"column":13}},"8":{"start":{"line":57,"column":6},"end":{"line":57,"column":69}},"9":{"start":{"line":64,"column":2},"end":{"line":68,"column":29}},"10":{"start":{"line":72,"column":4},"end":{"line":85,"column":27}},"11":{"start":{"line":79,"column":12},"end":{"line":79,"column":75}},"12":{"start":{"line":89,"column":2},"end":{"line":115,"column":28}},"13":{"start":{"line":119,"column":2},"end":{"line":119,"column":43}}},"fnMap":{"0":{"name":"findUsers","decl":{"start":{"line":16,"column":9},"end":{"line":16,"column":18}},"loc":{"start":{"line":16,"column":21},"end":{"line":18,"column":1}},"line":16},"1":{"name":"findUserById","decl":{"start":{"line":20,"column":9},"end":{"line":20,"column":21}},"loc":{"start":{"line":20,"column":26},"end":{"line":24,"column":1}},"line":20},"2":{"name":"findReceivedMessagesByUserId","decl":{"start":{"line":26,"column":9},"end":{"line":26,"column":37}},"loc":{"start":{"line":26,"column":42},"end":{"line":35,"column":1}},"line":26},"3":{"name":"sendMessage","decl":{"start":{"line":37,"column":9},"end":{"line":37,"column":20}},"loc":{"start":{"line":37,"column":30},"end":{"line":39,"column":1}},"line":37},"4":{"name":"findSentMessagesByUserId","decl":{"start":{"line":41,"column":9},"end":{"line":41,"column":33}},"loc":{"start":{"line":41,"column":38},"end":{"line":50,"column":1}},"line":41},"5":{"name":"findUnansweredQuestionsByUserId","decl":{"start":{"line":52,"column":9},"end":{"line":52,"column":40}},"loc":{"start":{"line":52,"column":45},"end":{"line":61,"column":1}},"line":52},"6":{"name":"(anonymous_6)","decl":{"start":{"line":56,"column":36},"end":{"line":56,"column":37}},"loc":{"start":{"line":56,"column":47},"end":{"line":58,"column":5}},"line":56},"7":{"name":"findAnsweredQuestions","decl":{"start":{"line":63,"column":9},"end":{"line":63,"column":30}},"loc":{"start":{"line":63,"column":35},"end":{"line":69,"column":1}},"line":63},"8":{"name":"findQuestionAnswers","decl":{"start":{"line":71,"column":9},"end":{"line":71,"column":28}},"loc":{"start":{"line":71,"column":33},"end":{"line":86,"column":3}},"line":71},"9":{"name":"(anonymous_9)","decl":{"start":{"line":78,"column":42},"end":{"line":78,"column":43}},"loc":{"start":{"line":78,"column":53},"end":{"line":80,"column":11}},"line":78},"10":{"name":"findMatches","decl":{"start":{"line":88,"column":9},"end":{"line":88,"column":20}},"loc":{"start":{"line":88,"column":25},"end":{"line":116,"column":1}},"line":88},"11":{"name":"addAnswer","decl":{"start":{"line":118,"column":9},"end":{"line":118,"column":18}},"loc":{"start":{"line":118,"column":27},"end":{"line":120,"column":1}},"line":118}},"branchMap":{},"s":{"0":3,"1":3,"2":0,"3":0,"4":0,"5":0,"6":0,"7":0,"8":0,"9":0,"10":0,"11":0,"12":0,"13":0},"f":{"0":0,"1":0,"2":0,"3":0,"4":0,"5":0,"6":0,"7":0,"8":0,"9":0,"10":0,"11":0},"b":{},"_coverageSchema":"43e27e138ebf9cfc5966b082cf9a028302ed4184","hash":"7dc60165fddbe69ed0c930bd9c248f53e0742f36"}
,"/Users/Megan/Desktop/FriendFinderBE/users/users-router.js": {"path":"/Users/Megan/Desktop/FriendFinderBE/users/users-router.js","statementMap":{"0":{"start":{"line":1,"column":15},"end":{"line":1,"column":42}},"1":{"start":{"line":2,"column":14},"end":{"line":2,"column":38}},"2":{"start":{"line":4,"column":0},"end":{"line":13,"column":3}},"3":{"start":{"line":5,"column":2},"end":{"line":12,"column":7}},"4":{"start":{"line":8,"column":6},"end":{"line":8,"column":34}},"5":{"start":{"line":11,"column":6},"end":{"line":11,"column":79}},"6":{"start":{"line":15,"column":0},"end":{"line":28,"column":3}},"7":{"start":{"line":16,"column":2},"end":{"line":27,"column":7}},"8":{"start":{"line":19,"column":6},"end":{"line":23,"column":7}},"9":{"start":{"line":20,"column":8},"end":{"line":20,"column":35}},"10":{"start":{"line":22,"column":8},"end":{"line":22,"column":65}},"11":{"start":{"line":26,"column":6},"end":{"line":26,"column":78}},"12":{"start":{"line":30,"column":0},"end":{"line":41,"column":3}},"13":{"start":{"line":31,"column":2},"end":{"line":40,"column":7}},"14":{"start":{"line":34,"column":6},"end":{"line":34,"column":37}},"15":{"start":{"line":37,"column":6},"end":{"line":39,"column":69}},"16":{"start":{"line":43,"column":0},"end":{"line":54,"column":3}},"17":{"start":{"line":44,"column":2},"end":{"line":53,"column":7}},"18":{"start":{"line":47,"column":6},"end":{"line":47,"column":37}},"19":{"start":{"line":50,"column":6},"end":{"line":52,"column":74}},"20":{"start":{"line":56,"column":0},"end":{"line":69,"column":3}},"21":{"start":{"line":57,"column":2},"end":{"line":68,"column":3}},"22":{"start":{"line":58,"column":21},"end":{"line":60,"column":5}},"23":{"start":{"line":61,"column":20},"end":{"line":61,"column":77}},"24":{"start":{"line":62,"column":19},"end":{"line":62,"column":43}},"25":{"start":{"line":63,"column":4},"end":{"line":63,"column":21}},"26":{"start":{"line":65,"column":4},"end":{"line":67,"column":68}},"27":{"start":{"line":71,"column":0},"end":{"line":83,"column":3}},"28":{"start":{"line":72,"column":18},"end":{"line":72,"column":42}},"29":{"start":{"line":73,"column":37},"end":{"line":73,"column":45}},"30":{"start":{"line":74,"column":17},"end":{"line":74,"column":52}},"31":{"start":{"line":75,"column":2},"end":{"line":82,"column":7}},"32":{"start":{"line":78,"column":6},"end":{"line":78,"column":68}},"33":{"start":{"line":81,"column":6},"end":{"line":81,"column":80}},"34":{"start":{"line":85,"column":0},"end":{"line":99,"column":3}},"35":{"start":{"line":86,"column":20},"end":{"line":86,"column":44}},"36":{"start":{"line":87,"column":35},"end":{"line":87,"column":43}},"37":{"start":{"line":88,"column":22},"end":{"line":88,"column":57}},"38":{"start":{"line":89,"column":2},"end":{"line":98,"column":7}},"39":{"start":{"line":92,"column":6},"end":{"line":92,"column":69}},"40":{"start":{"line":95,"column":6},"end":{"line":97,"column":69}},"41":{"start":{"line":101,"column":0},"end":{"line":116,"column":3}},"42":{"start":{"line":102,"column":2},"end":{"line":115,"column":7}},"43":{"start":{"line":105,"column":6},"end":{"line":109,"column":7}},"44":{"start":{"line":106,"column":8},"end":{"line":106,"column":43}},"45":{"start":{"line":108,"column":8},"end":{"line":108,"column":38}},"46":{"start":{"line":112,"column":6},"end":{"line":114,"column":68}},"47":{"start":{"line":118,"column":0},"end":{"line":118,"column":24}}},"fnMap":{"0":{"name":"(anonymous_0)","decl":{"start":{"line":4,"column":16},"end":{"line":4,"column":17}},"loc":{"start":{"line":4,"column":30},"end":{"line":13,"column":1}},"line":4},"1":{"name":"(anonymous_1)","decl":{"start":{"line":7,"column":10},"end":{"line":7,"column":11}},"loc":{"start":{"line":7,"column":19},"end":{"line":9,"column":5}},"line":7},"2":{"name":"(anonymous_2)","decl":{"start":{"line":10,"column":11},"end":{"line":10,"column":12}},"loc":{"start":{"line":10,"column":18},"end":{"line":12,"column":5}},"line":10},"3":{"name":"(anonymous_3)","decl":{"start":{"line":15,"column":23},"end":{"line":15,"column":24}},"loc":{"start":{"line":15,"column":37},"end":{"line":28,"column":1}},"line":15},"4":{"name":"(anonymous_4)","decl":{"start":{"line":18,"column":10},"end":{"line":18,"column":11}},"loc":{"start":{"line":18,"column":18},"end":{"line":24,"column":5}},"line":18},"5":{"name":"(anonymous_5)","decl":{"start":{"line":25,"column":11},"end":{"line":25,"column":12}},"loc":{"start":{"line":25,"column":18},"end":{"line":27,"column":5}},"line":25},"6":{"name":"(anonymous_6)","decl":{"start":{"line":30,"column":24},"end":{"line":30,"column":25}},"loc":{"start":{"line":30,"column":38},"end":{"line":41,"column":1}},"line":30},"7":{"name":"(anonymous_7)","decl":{"start":{"line":33,"column":10},"end":{"line":33,"column":11}},"loc":{"start":{"line":33,"column":22},"end":{"line":35,"column":5}},"line":33},"8":{"name":"(anonymous_8)","decl":{"start":{"line":36,"column":11},"end":{"line":36,"column":12}},"loc":{"start":{"line":36,"column":18},"end":{"line":40,"column":5}},"line":36},"9":{"name":"(anonymous_9)","decl":{"start":{"line":43,"column":29},"end":{"line":43,"column":30}},"loc":{"start":{"line":43,"column":43},"end":{"line":54,"column":1}},"line":43},"10":{"name":"(anonymous_10)","decl":{"start":{"line":46,"column":10},"end":{"line":46,"column":11}},"loc":{"start":{"line":46,"column":22},"end":{"line":48,"column":5}},"line":46},"11":{"name":"(anonymous_11)","decl":{"start":{"line":49,"column":11},"end":{"line":49,"column":12}},"loc":{"start":{"line":49,"column":18},"end":{"line":53,"column":5}},"line":49},"12":{"name":"(anonymous_12)","decl":{"start":{"line":56,"column":25},"end":{"line":56,"column":26}},"loc":{"start":{"line":56,"column":45},"end":{"line":69,"column":1}},"line":56},"13":{"name":"(anonymous_13)","decl":{"start":{"line":71,"column":26},"end":{"line":71,"column":27}},"loc":{"start":{"line":71,"column":40},"end":{"line":83,"column":1}},"line":71},"14":{"name":"(anonymous_14)","decl":{"start":{"line":77,"column":10},"end":{"line":77,"column":11}},"loc":{"start":{"line":77,"column":21},"end":{"line":79,"column":5}},"line":77},"15":{"name":"(anonymous_15)","decl":{"start":{"line":80,"column":11},"end":{"line":80,"column":12}},"loc":{"start":{"line":80,"column":18},"end":{"line":82,"column":5}},"line":80},"16":{"name":"(anonymous_16)","decl":{"start":{"line":85,"column":25},"end":{"line":85,"column":26}},"loc":{"start":{"line":85,"column":39},"end":{"line":99,"column":1}},"line":85},"17":{"name":"(anonymous_17)","decl":{"start":{"line":91,"column":10},"end":{"line":91,"column":11}},"loc":{"start":{"line":91,"column":16},"end":{"line":93,"column":5}},"line":91},"18":{"name":"(anonymous_18)","decl":{"start":{"line":94,"column":11},"end":{"line":94,"column":12}},"loc":{"start":{"line":94,"column":18},"end":{"line":98,"column":5}},"line":94},"19":{"name":"(anonymous_19)","decl":{"start":{"line":101,"column":23},"end":{"line":101,"column":24}},"loc":{"start":{"line":101,"column":37},"end":{"line":116,"column":1}},"line":101},"20":{"name":"(anonymous_20)","decl":{"start":{"line":104,"column":10},"end":{"line":104,"column":11}},"loc":{"start":{"line":104,"column":21},"end":{"line":110,"column":5}},"line":104},"21":{"name":"(anonymous_21)","decl":{"start":{"line":111,"column":11},"end":{"line":111,"column":12}},"loc":{"start":{"line":111,"column":18},"end":{"line":115,"column":5}},"line":111}},"branchMap":{"0":{"loc":{"start":{"line":19,"column":6},"end":{"line":23,"column":7}},"type":"if","locations":[{"start":{"line":19,"column":6},"end":{"line":23,"column":7}},{"start":{"line":19,"column":6},"end":{"line":23,"column":7}}],"line":19},"1":{"loc":{"start":{"line":105,"column":6},"end":{"line":109,"column":7}},"type":"if","locations":[{"start":{"line":105,"column":6},"end":{"line":109,"column":7}},{"start":{"line":105,"column":6},"end":{"line":109,"column":7}}],"line":105}},"s":{"0":3,"1":3,"2":3,"3":0,"4":0,"5":0,"6":3,"7":0,"8":0,"9":0,"10":0,"11":0,"12":3,"13":0,"14":0,"15":0,"16":3,"17":0,"18":0,"19":0,"20":3,"21":0,"22":0,"23":0,"24":0,"25":0,"26":0,"27":3,"28":0,"29":0,"30":0,"31":0,"32":0,"33":0,"34":3,"35":0,"36":0,"37":0,"38":0,"39":0,"40":0,"41":3,"42":0,"43":0,"44":0,"45":0,"46":0,"47":3},"f":{"0":0,"1":0,"2":0,"3":0,"4":0,"5":0,"6":0,"7":0,"8":0,"9":0,"10":0,"11":0,"12":0,"13":0,"14":0,"15":0,"16":0,"17":0,"18":0,"19":0,"20":0,"21":0},"b":{"0":[0,0],"1":[0,0]},"_coverageSchema":"43e27e138ebf9cfc5966b082cf9a028302ed4184","hash":"ca1bc3211754daa3091e2b1b8a393c31861c5251"}
}
