TN:
SF:/Users/Megan/Desktop/FriendFinderBE/knexfile.js
FN:17,(anonymous_0)
FN:36,(anonymous_1)
FNF:2
FNH:1
FNDA:3,(anonymous_0)
FNDA:0,(anonymous_1)
DA:3,3
DA:18,3
DA:37,0
LF:3
LH:2
BRF:0
BRH:0
end_of_record
TN:
SF:/Users/Megan/Desktop/FriendFinderBE/api/server.js
FN:19,(anonymous_0)
FNF:1
FNH:1
FNDA:1,(anonymous_0)
DA:1,3
DA:2,3
DA:3,3
DA:5,3
DA:6,3
DA:8,3
DA:10,3
DA:12,3
DA:13,3
DA:14,3
DA:16,3
DA:17,3
DA:19,3
DA:20,1
DA:23,3
LF:15
LH:15
BRF:0
BRH:0
end_of_record
TN:
SF:/Users/Megan/Desktop/FriendFinderBE/authentication/auth-model.js
FN:9,addUser
FN:12,(anonymous_1)
FN:17,findUserById
FN:21,findUserByUsername
FNF:4
FNH:4
FNDA:3,addUser
FNDA:3,(anonymous_1)
FNDA:3,findUserById
FNDA:2,findUserByUsername
DA:1,3
DA:3,3
DA:10,3
DA:13,3
DA:18,3
DA:22,2
LF:6
LH:6
BRF:0
BRH:0
end_of_record
TN:
SF:/Users/Megan/Desktop/FriendFinderBE/authentication/auth-router.js
FN:7,(anonymous_0)
FN:17,(anonymous_1)
FN:20,(anonymous_2)
FN:27,(anonymous_3)
FN:31,(anonymous_4)
FN:43,(anonymous_5)
FNF:6
FNH:4
FNDA:3,(anonymous_0)
FNDA:3,(anonymous_1)
FNDA:0,(anonymous_2)
FNDA:2,(anonymous_3)
FNDA:2,(anonymous_4)
FNDA:0,(anonymous_5)
DA:1,3
DA:2,3
DA:3,3
DA:4,3
DA:5,3
DA:7,3
DA:8,3
DA:10,3
DA:15,3
DA:18,3
DA:21,0
DA:27,3
DA:28,2
DA:29,2
DA:32,2
DA:33,1
DA:34,1
DA:38,1
DA:44,0
DA:48,3
LF:20
LH:18
BRDA:32,0,0,1
BRDA:32,0,1,1
BRDA:32,1,0,2
BRDA:32,1,1,1
BRF:4
BRH:4
end_of_record
TN:
SF:/Users/Megan/Desktop/FriendFinderBE/data/db-config.js
FNF:0
FNH:0
DA:1,3
DA:2,3
DA:3,3
DA:4,3
LF:4
LH:4
BRDA:3,0,0,3
BRDA:3,0,1,3
BRF:2
BRH:2
end_of_record
TN:
SF:/Users/Megan/Desktop/FriendFinderBE/middleware/index.js
FN:5,validateUser
FNF:1
FNH:1
FNDA:8,validateUser
DA:1,3
DA:6,8
DA:7,2
DA:8,6
DA:9,1
DA:10,5
DA:11,0
DA:13,5
LF:8
LH:7
BRDA:6,0,0,2
BRDA:6,0,1,6
BRDA:8,1,0,1
BRDA:8,1,1,5
BRDA:10,2,0,0
BRDA:10,2,1,5
BRF:6
BRH:5
end_of_record
TN:
SF:/Users/Megan/Desktop/FriendFinderBE/middleware/restricted.js
FN:4,(anonymous_0)
FN:8,(anonymous_1)
FNF:2
FNH:1
FNDA:6,(anonymous_0)
FNDA:0,(anonymous_1)
DA:1,3
DA:2,3
DA:4,3
DA:5,6
DA:7,6
DA:8,0
DA:9,0
DA:10,0
DA:12,0
DA:13,0
DA:17,6
LF:11
LH:6
BRDA:7,0,0,0
BRDA:7,0,1,6
BRDA:9,1,0,0
BRDA:9,1,1,0
BRF:4
BRH:1
end_of_record
TN:
SF:/Users/Megan/Desktop/FriendFinderBE/middleware/tokenGenerator.js
FN:4,generateToken
FNF:1
FNH:1
FNDA:1,generateToken
DA:1,3
DA:2,3
DA:5,1
DA:11,1
DA:15,1
DA:17,1
DA:20,3
LF:7
LH:7
BRF:0
BRH:0
end_of_record
TN:
SF:/Users/Megan/Desktop/FriendFinderBE/users/users-model.js
FN:16,findUsers
FN:20,findUserById
FN:26,findReceivedMessagesByUserId
FN:37,sendMessage
FN:41,findSentMessagesByUserId
FN:52,findUnansweredQuestionsByUserId
FN:56,(anonymous_6)
FN:63,findAnsweredQuestions
FN:71,findQuestionAnswers
FN:78,(anonymous_9)
FN:88,findMatches
FN:118,addAnswer
FNF:12
FNH:0
FNDA:0,findUsers
FNDA:0,findUserById
FNDA:0,findReceivedMessagesByUserId
FNDA:0,sendMessage
FNDA:0,findSentMessagesByUserId
FNDA:0,findUnansweredQuestionsByUserId
FNDA:0,(anonymous_6)
FNDA:0,findAnsweredQuestions
FNDA:0,findQuestionAnswers
FNDA:0,(anonymous_9)
FNDA:0,findMatches
FNDA:0,addAnswer
DA:1,3
DA:3,3
DA:17,0
DA:21,0
DA:27,0
DA:38,0
DA:42,0
DA:53,0
DA:57,0
DA:64,0
DA:72,0
DA:79,0
DA:89,0
DA:119,0
LF:14
LH:2
BRF:0
BRH:0
end_of_record
TN:
SF:/Users/Megan/Desktop/FriendFinderBE/users/users-router.js
FN:4,(anonymous_0)
FN:7,(anonymous_1)
FN:10,(anonymous_2)
FN:15,(anonymous_3)
FN:18,(anonymous_4)
FN:25,(anonymous_5)
FN:30,(anonymous_6)
FN:33,(anonymous_7)
FN:36,(anonymous_8)
FN:43,(anonymous_9)
FN:46,(anonymous_10)
FN:49,(anonymous_11)
FN:56,(anonymous_12)
FN:71,(anonymous_13)
FN:77,(anonymous_14)
FN:80,(anonymous_15)
FN:85,(anonymous_16)
FN:91,(anonymous_17)
FN:94,(anonymous_18)
FN:101,(anonymous_19)
FN:104,(anonymous_20)
FN:111,(anonymous_21)
FNF:22
FNH:0
FNDA:0,(anonymous_0)
FNDA:0,(anonymous_1)
FNDA:0,(anonymous_2)
FNDA:0,(anonymous_3)
FNDA:0,(anonymous_4)
FNDA:0,(anonymous_5)
FNDA:0,(anonymous_6)
FNDA:0,(anonymous_7)
FNDA:0,(anonymous_8)
FNDA:0,(anonymous_9)
FNDA:0,(anonymous_10)
FNDA:0,(anonymous_11)
FNDA:0,(anonymous_12)
FNDA:0,(anonymous_13)
FNDA:0,(anonymous_14)
FNDA:0,(anonymous_15)
FNDA:0,(anonymous_16)
FNDA:0,(anonymous_17)
FNDA:0,(anonymous_18)
FNDA:0,(anonymous_19)
FNDA:0,(anonymous_20)
FNDA:0,(anonymous_21)
DA:1,3
DA:2,3
DA:4,3
DA:5,0
DA:8,0
DA:11,0
DA:15,3
DA:16,0
DA:19,0
DA:20,0
DA:22,0
DA:26,0
DA:30,3
DA:31,0
DA:34,0
DA:37,0
DA:43,3
DA:44,0
DA:47,0
DA:50,0
DA:56,3
DA:57,0
DA:58,0
DA:61,0
DA:62,0
DA:63,0
DA:65,0
DA:71,3
DA:72,0
DA:73,0
DA:74,0
DA:75,0
DA:78,0
DA:81,0
DA:85,3
DA:86,0
DA:87,0
DA:88,0
DA:89,0
DA:92,0
DA:95,0
DA:101,3
DA:102,0
DA:105,0
DA:106,0
DA:108,0
DA:112,0
DA:118,3
LF:48
LH:11
BRDA:19,0,0,0
BRDA:19,0,1,0
BRDA:105,1,0,0
BRDA:105,1,1,0
BRF:4
BRH:0
end_of_record
